2098
2199
2098
2197
2098
2196
2098
2195
2099
3194
4113
4213
4300
2095
3193
4120
2093
3195
4120
4056
2096
3192
4127
2092
3196
4127
4064
2097
3191
4134
2091
3197
4134
4068
1199
2099
3098
2186
2086
2199
2097
3098
2186
2086
2197
2095
3098
2186
2086
2195
2096
3098
2186
2086
2196
4008
1190
2089
2195
2089
2196
2089
2197
4035
1188
2089
2196
4035
1187
2089
2197
4035
0000
0000
0000
0000
0000
0000
0000
0000
0000
0000
0000
0000
0000
0000
0000
0030
0050
0000
3050
0003
0005
0015
0100
0000
0000
0000
0001
0000
