2098
2199
2099
3197
4107
4207
4300
2099
2196
4049
2099
2195
4060
2096
3194
4120
2094
3196
4120
4028
2095
3194
4127
2094
3195
4127
4045
4036
2095
3194
4135
2094
3195
4135
4047
4043
1199
2099
3098
2188
2088
2199
4002
1193
4037
1192
4037
1191
4037
2090
3196
4154
4254
4010
2096
3190
2188
2088
2196
4049
2089
3195
4165
4265
4013
2095
3189
2188
2088
2195
4060
0000
0000
0000
0000
0000
0000
0000
0000
0000
0000
0000
0000
0000
0000
0000
0000
0000
0000
0005
0003
3050
0050
0030
0000
0000
0000
0100
0001
0000
